<?xml version="1.0" encoding="UTF-8"?>
<!-- Generated by org.testng.reporters.JUnitReportReporter -->
<testsuite hostname="LAPTOP-U4TG294C" failures="0" tests="1" name="testscripts.Search_and_Count" time="30.764" errors="0" timestamp="2023-03-28T16:38:15 IST" skipped="0">
  <testcase classname="testscripts.Search_and_Count" name="testExecution" time="30.764"/>
  <system-out/>
</testsuite> <!-- testscripts.Search_and_Count -->
